TN:
SF:/Users/mohamedmohamed/Desktop/hacking/smart-contracts/contests/beefyCowcentrated/code/CLM/cowcentrated-contracts/contracts/interfaces/beefy/IBeefyVaultConcLiq.sol
DA:1,0
end_of_record

SF:/Users/mohamedmohamed/Desktop/hacking/smart-contracts/contests/beefyCowcentrated/code/CLM/cowcentrated-contracts/contracts/interfaces/beefy/IFeeConfig.sol
end_of_record

SF:/Users/mohamedmohamed/Desktop/hacking/smart-contracts/contests/beefyCowcentrated/code/CLM/cowcentrated-contracts/contracts/interfaces/beefy/IRewardPool.sol
end_of_record

SF:/Users/mohamedmohamed/Desktop/hacking/smart-contracts/contests/beefyCowcentrated/code/CLM/cowcentrated-contracts/contracts/interfaces/beefy/IStrategyConcLiq.sol
end_of_record

SF:/Users/mohamedmohamed/Desktop/hacking/smart-contracts/contests/beefyCowcentrated/code/CLM/cowcentrated-contracts/contracts/interfaces/beefy/IStrategyFactory.sol
end_of_record

SF:/Users/mohamedmohamed/Desktop/hacking/smart-contracts/contests/beefyCowcentrated/code/CLM/cowcentrated-contracts/contracts/interfaces/beefy/IStrategyVelodrome.sol
end_of_record

SF:/Users/mohamedmohamed/Desktop/hacking/smart-contracts/contests/beefyCowcentrated/code/CLM/cowcentrated-contracts/contracts/interfaces/uniswap/IQuoter.sol
end_of_record

SF:/Users/mohamedmohamed/Desktop/hacking/smart-contracts/contests/beefyCowcentrated/code/CLM/cowcentrated-contracts/contracts/interfaces/uniswap/IUniswapRouterV3.sol
end_of_record

SF:/Users/mohamedmohamed/Desktop/hacking/smart-contracts/contests/beefyCowcentrated/code/CLM/cowcentrated-contracts/contracts/interfaces/velodrome/ICLGauge.sol
end_of_record

SF:/Users/mohamedmohamed/Desktop/hacking/smart-contracts/contests/beefyCowcentrated/code/CLM/cowcentrated-contracts/contracts/interfaces/velodrome/INftPositionManager.sol
end_of_record

SF:/Users/mohamedmohamed/Desktop/hacking/smart-contracts/contests/beefyCowcentrated/code/CLM/cowcentrated-contracts/contracts/interfaces/velodrome/IVeloPool.sol
end_of_record

SF:/Users/mohamedmohamed/Desktop/hacking/smart-contracts/contests/beefyCowcentrated/code/CLM/cowcentrated-contracts/contracts/interfaces/velodrome/IVeloRouter.sol
end_of_record

SF:/Users/mohamedmohamed/Desktop/hacking/smart-contracts/contests/beefyCowcentrated/code/CLM/cowcentrated-contracts/contracts/rewardpool/BeefyRewardPool.sol
DA:14,542
DA:37,0
DA:40,0
DA:43,0
DA:93,0
DA:99,0
DA:110,2
DA:111,2
DA:117,0
DA:118,0
DA:137,0
DA:138,0
DA:140,0
DA:146,0
DA:147,0
DA:152,0
DA:153,0
DA:158,0
DA:170,0
DA:172,0
DA:173,0
DA:185,0
DA:203,0
DA:206,0
DA:218,0
DA:219,0
DA:235,0
DA:236,0
DA:253,0
DA:254,0
DA:256,0
DA:257,0
DA:259,0
DA:260,0
DA:262,0
DA:265,0
DA:268,0
DA:270,0
DA:271,0
DA:272,0
DA:275,0
DA:276,0
DA:277,0
DA:278,0
DA:280,0
DA:289,0
DA:291,0
DA:292,0
DA:293,0
DA:297,0
DA:298,0
DA:300,0
DA:307,0
DA:308,0
DA:310,0
DA:311,0
DA:312,0
DA:319,0
DA:320,0
DA:327,0
DA:328,0
DA:329,0
DA:330,0
DA:332,0
DA:333,0
DA:334,0
DA:335,0
DA:336,0
DA:345,0
DA:347,0
DA:348,0
DA:354,0
DA:355,0
DA:356,0
DA:357,0
DA:361,0
DA:362,0
DA:363,0
DA:364,0
DA:365,0
DA:366,0
DA:367,0
DA:368,0
DA:369,0
DA:379,0
DA:385,0
DA:387,0
DA:388,0
DA:390,0
DA:391,0
DA:392,0
DA:393,0
DA:403,0
DA:405,0
DA:406,0
DA:407,0
DA:408,0
DA:416,0
DA:422,0
DA:423,0
DA:431,0
DA:432,0
DA:433,0
end_of_record

SF:/Users/mohamedmohamed/Desktop/hacking/smart-contracts/contests/beefyCowcentrated/code/CLM/cowcentrated-contracts/contracts/rewardpool/BeefyRewardPoolFactory.sol
DA:9,84
DA:23,0
DA:24,0
DA:47,2
end_of_record

SF:/Users/mohamedmohamed/Desktop/hacking/smart-contracts/contests/beefyCowcentrated/code/CLM/cowcentrated-contracts/contracts/strategies/StratFeeManagerInitializable.sol
DA:10,0
DA:19,0
DA:22,0
DA:25,0
DA:28,0
DA:31,0
DA:34,0
DA:37,0
DA:40,0
DA:43,0
DA:46,0
DA:64,4
DA:67,9
DA:68,15
DA:69,12
DA:70,12
DA:71,38
DA:77,0
DA:78,0
DA:85,0
DA:86,0
DA:93,0
DA:94,0
DA:99,0
DA:100,0
DA:104,0
DA:105,0
DA:109,0
DA:110,0
DA:119,0
DA:120,0
DA:129,0
DA:137,0
DA:145,0
DA:146,0
DA:154,0
DA:155,0
DA:163,0
DA:165,0
DA:191,0
DA:192,0
DA:193,0
end_of_record

SF:/Users/mohamedmohamed/Desktop/hacking/smart-contracts/contests/beefyCowcentrated/code/CLM/cowcentrated-contracts/contracts/strategies/StrategyFactory.sol
DA:10,707
DA:13,0
DA:16,0
DA:19,2
DA:25,0
DA:28,0
DA:31,0
DA:34,0
DA:66,8
DA:76,0
DA:77,0
DA:78,0
DA:79,0
DA:80,0
DA:90,1
DA:91,32
DA:93,12
DA:104,0
DA:105,0
DA:106,0
DA:115,6
DA:116,35
DA:119,3
DA:120,12
DA:127,0
DA:128,0
DA:135,0
DA:136,0
DA:144,0
DA:145,0
DA:153,0
DA:154,0
DA:162,0
DA:163,0
DA:171,0
DA:172,0
DA:180,0
DA:181,0
DA:190,0
DA:198,0
end_of_record

SF:/Users/mohamedmohamed/Desktop/hacking/smart-contracts/contests/beefyCowcentrated/code/CLM/cowcentrated-contracts/contracts/strategies/velodrome/StrategyPassiveManagerVelodrome.sol
DA:30,538
DA:39,0
DA:40,0
DA:43,0
DA:47,0
DA:50,0
DA:52,0
DA:55,0
DA:57,0
DA:59,0
DA:61,0
DA:64,0
DA:67,0
DA:72,0
DA:74,0
DA:85,0
DA:91,0
DA:95,0
DA:99,0
DA:102,0
DA:133,0
DA:139,0
DA:140,0
DA:145,0
DA:147,0
DA:152,0
DA:153,0
DA:154,0
DA:157,0
DA:159,0
DA:160,0
DA:164,0
DA:165,0
DA:178,14
DA:191,1
DA:192,4
DA:193,4
DA:194,4
DA:195,4
DA:196,4
DA:198,32
DA:199,17
DA:202,0
DA:204,0
DA:205,0
DA:206,0
DA:209,0
DA:216,0
DA:217,0
DA:221,0
DA:228,0
DA:231,0
DA:250,0
DA:254,0
DA:255,0
DA:256,0
DA:257,0
DA:260,0
DA:262,0
DA:265,0
DA:269,0
DA:272,0
DA:274,0
DA:276,0
DA:280,0
DA:281,0
DA:283,0
DA:284,0
DA:289,0
DA:292,0
DA:293,0
DA:297,0
DA:300,0
DA:302,0
DA:305,0
DA:308,0
DA:310,0
DA:311,0
DA:316,0
DA:318,0
DA:319,0
DA:324,0
DA:326,0
DA:329,0
DA:330,0
DA:331,0
DA:335,0
DA:342,0
DA:344,0
DA:345,0
DA:346,0
DA:351,0
DA:353,0
DA:354,0
DA:358,0
DA:362,0
DA:363,0
DA:365,0
DA:369,0
DA:372,0
DA:373,0
DA:375,0
DA:378,0
DA:379,0
DA:380,0
DA:382,0
DA:391,0
DA:392,0
DA:409,0
DA:412,0
DA:413,0
DA:414,0
DA:417,0
DA:418,0
DA:424,0
DA:427,0
DA:429,0
DA:434,0
DA:437,0
DA:438,0
DA:439,0
DA:450,0
DA:455,0
DA:457,0
DA:458,0
DA:459,0
DA:463,0
DA:468,0
DA:474,0
DA:475,0
DA:481,0
DA:488,0
DA:492,0
DA:497,0
DA:500,0
DA:503,0
DA:506,0
DA:509,0
DA:513,0
DA:515,0
DA:518,0
DA:519,0
DA:520,0
DA:521,0
DA:523,0
DA:525,0
DA:527,0
DA:541,0
DA:545,0
DA:547,0
DA:548,0
DA:551,0
DA:552,0
DA:553,0
DA:555,0
DA:556,0
DA:557,0
DA:558,0
DA:563,0
DA:568,0
DA:569,0
DA:573,0
DA:574,0
DA:576,0
DA:577,0
DA:579,0
DA:582,0
DA:583,0
DA:584,0
DA:587,0
DA:595,0
DA:600,0
DA:601,0
DA:607,0
DA:615,0
DA:620,0
DA:621,0
DA:622,0
DA:635,0
DA:647,0
DA:649,0
DA:650,0
DA:651,0
DA:652,0
DA:655,0
DA:656,0
DA:657,0
DA:659,0
DA:673,0
DA:675,0
DA:677,0
DA:678,0
DA:682,0
DA:684,0
DA:685,0
DA:689,0
DA:690,0
DA:692,0
DA:693,0
DA:695,0
DA:696,0
DA:712,0
DA:714,0
DA:718,0
DA:719,0
DA:730,0
DA:732,0
DA:740,0
DA:742,0
DA:752,0
DA:753,0
DA:760,0
DA:761,0
DA:765,0
DA:766,0
DA:767,0
DA:768,0
DA:776,0
DA:785,0
DA:790,0
DA:792,0
DA:796,0
DA:797,0
DA:803,0
DA:808,0
DA:809,0
DA:815,0
DA:828,0
DA:829,0
DA:830,0
DA:831,0
DA:832,0
DA:833,0
DA:842,0
DA:845,0
DA:847,0
DA:854,0
DA:855,0
DA:856,0
DA:860,0
DA:861,0
DA:862,0
DA:863,0
DA:867,0
DA:868,0
DA:869,0
DA:870,0
DA:877,0
DA:878,0
DA:879,0
DA:880,0
DA:882,0
DA:883,0
DA:887,0
DA:890,0
DA:900,0
DA:903,0
DA:913,0
DA:914,0
DA:921,0
DA:923,0
DA:925,0
DA:930,0
DA:933,0
DA:934,0
DA:936,0
DA:938,0
DA:940,0
DA:950,0
DA:959,0
DA:960,0
DA:967,0
DA:977,0
DA:978,0
DA:979,0
DA:980,0
DA:981,0
DA:985,0
DA:986,0
DA:987,0
DA:988,0
DA:989,0
end_of_record

SF:/Users/mohamedmohamed/Desktop/hacking/smart-contracts/contests/beefyCowcentrated/code/CLM/cowcentrated-contracts/contracts/utils/BytesLib.sol
DA:12,0
DA:237,0
DA:238,0
DA:242,0
DA:297,0
DA:298,0
DA:301,0
DA:332,0
end_of_record

SF:/Users/mohamedmohamed/Desktop/hacking/smart-contracts/contests/beefyCowcentrated/code/CLM/cowcentrated-contracts/contracts/utils/FullMath.sol
DA:7,0
DA:14,0
DA:27,0
DA:34,0
DA:35,0
DA:36,0
DA:39,0
DA:44,0
DA:53,0
DA:57,0
DA:67,0
DA:70,0
DA:75,0
DA:81,0
DA:84,0
DA:91,0
end_of_record

SF:/Users/mohamedmohamed/Desktop/hacking/smart-contracts/contests/beefyCowcentrated/code/CLM/cowcentrated-contracts/contracts/utils/LiquidityAmounts.sol
DA:9,0
DA:10,0
DA:17,0
DA:18,0
DA:19,0
DA:28,0
DA:33,0
DA:34,0
DA:36,0
DA:38,0
DA:39,0
DA:42,0
DA:53,0
DA:58,0
DA:61,0
DA:62,0
DA:65,0
DA:72,0
DA:79,0
DA:80,0
DA:82,0
DA:83,0
DA:88,0
DA:90,0
DA:92,0
DA:94,0
DA:96,0
DA:109,0
DA:114,0
DA:118,0
DA:120,0
DA:130,0
DA:135,0
DA:139,0
DA:141,0
DA:148,0
DA:154,0
DA:155,0
DA:157,0
DA:158,0
DA:163,0
DA:164,0
DA:169,0
DA:175,0
end_of_record

SF:/Users/mohamedmohamed/Desktop/hacking/smart-contracts/contests/beefyCowcentrated/code/CLM/cowcentrated-contracts/contracts/utils/Path.sol
DA:8,0
DA:53,0
DA:55,0
DA:68,0
end_of_record

SF:/Users/mohamedmohamed/Desktop/hacking/smart-contracts/contests/beefyCowcentrated/code/CLM/cowcentrated-contracts/contracts/utils/TickMath.sol
DA:7,0
DA:9,0
DA:11,0
DA:23,0
DA:25,0
DA:26,0
DA:31,0
DA:32,0
DA:34,0
DA:35,0
DA:36,0
DA:37,0
DA:38,0
DA:39,0
DA:40,0
DA:41,0
DA:42,0
DA:43,0
DA:44,0
DA:45,0
DA:46,0
DA:47,0
DA:48,0
DA:49,0
DA:50,0
DA:51,0
DA:52,0
DA:55,0
DA:60,0
end_of_record

SF:/Users/mohamedmohamed/Desktop/hacking/smart-contracts/contests/beefyCowcentrated/code/CLM/cowcentrated-contracts/contracts/utils/TickUtils.sol
DA:8,0
DA:15,0
DA:16,0
DA:20,0
end_of_record

SF:/Users/mohamedmohamed/Desktop/hacking/smart-contracts/contests/beefyCowcentrated/code/CLM/cowcentrated-contracts/contracts/utils/UniV3Utils.sol
DA:8,0
end_of_record

SF:/Users/mohamedmohamed/Desktop/hacking/smart-contracts/contests/beefyCowcentrated/code/CLM/cowcentrated-contracts/contracts/utils/VeloSwapUtils.sol
DA:8,0
DA:19,0
DA:24,0
DA:31,0
DA:32,0
DA:33,0
DA:34,0
DA:84,0
DA:86,0
DA:87,0
DA:89,0
DA:90,0
DA:91,0
DA:93,0
end_of_record

SF:/Users/mohamedmohamed/Desktop/hacking/smart-contracts/contests/beefyCowcentrated/code/CLM/cowcentrated-contracts/contracts/vault/BeefyVaultConcLiq.sol
DA:16,0
DA:20,0
DA:23,0
DA:26,0
DA:29,0
DA:59,0
DA:67,0
DA:75,0
DA:82,0
DA:83,0
DA:84,0
DA:94,0
DA:95,0
DA:105,0
DA:108,0
DA:109,0
DA:119,0
DA:121,0
DA:123,0
DA:127,0
DA:128,0
DA:132,0
DA:134,0
DA:136,0
DA:137,0
DA:140,0
DA:145,0
DA:147,0
DA:149,0
DA:152,0
DA:153,0
DA:154,0
DA:155,0
DA:157,0
DA:158,0
DA:159,0
DA:161,0
DA:165,0
DA:166,0
DA:167,0
DA:169,0
DA:170,0
DA:171,0
DA:173,0
DA:174,0
DA:188,0
DA:191,0
DA:195,0
DA:196,0
DA:197,0
DA:198,0
DA:200,0
DA:201,0
DA:202,0
DA:203,0
DA:205,0
DA:206,0
DA:208,0
DA:211,0
DA:213,0
DA:214,0
DA:221,0
DA:222,0
DA:224,0
DA:225,0
DA:234,0
DA:245,0
DA:246,0
DA:249,0
DA:252,0
DA:254,0
DA:256,0
DA:257,0
DA:259,0
DA:261,0
DA:262,0
DA:263,0
DA:264,0
DA:265,0
DA:267,0
DA:268,0
DA:269,0
DA:271,0
DA:279,0
DA:280,0
end_of_record

SF:/Users/mohamedmohamed/Desktop/hacking/smart-contracts/contests/beefyCowcentrated/code/CLM/cowcentrated-contracts/contracts/vault/BeefyVaultConcLiqFactory.sol
DA:9,84
DA:23,0
DA:24,0
DA:47,2
end_of_record

SF:/Users/mohamedmohamed/Desktop/hacking/smart-contracts/contests/beefyCowcentrated/code/CLM/cowcentrated-contracts/lib/solmate/lib/ds-test/src/test.sol
DA:18,0
DA:38,0
DA:42,0
DA:47,0
DA:48,0
DA:49,0
DA:52,0
DA:53,0
DA:54,0
DA:56,0
DA:59,0
DA:61,0
DA:80,0
end_of_record

SF:/Users/mohamedmohamed/Desktop/hacking/smart-contracts/contests/beefyCowcentrated/code/CLM/cowcentrated-contracts/node_modules/@openzeppelin-4/contracts/access/Ownable.sol
DA:39,0
DA:40,0
DA:48,4
DA:57,0
DA:63,0
DA:64,0
DA:65,0
DA:85,1
DA:86,4
DA:98,3
end_of_record

SF:/Users/mohamedmohamed/Desktop/hacking/smart-contracts/contests/beefyCowcentrated/code/CLM/cowcentrated-contracts/node_modules/@openzeppelin-4/contracts/interfaces/draft-IERC6093.sol
end_of_record

SF:/Users/mohamedmohamed/Desktop/hacking/smart-contracts/contests/beefyCowcentrated/code/CLM/cowcentrated-contracts/node_modules/@openzeppelin-4/contracts/proxy/ERC1967/ERC1967Utils.sol
DA:14,0
DA:137,0
DA:150,0
DA:151,0
DA:156,0
DA:157,0
DA:158,0
DA:175,0
DA:177,0
DA:178,0
DA:189,0
DA:190,0
end_of_record

SF:/Users/mohamedmohamed/Desktop/hacking/smart-contracts/contests/beefyCowcentrated/code/CLM/cowcentrated-contracts/node_modules/@openzeppelin-4/contracts/proxy/Proxy.sol
DA:22,5
DA:23,30
DA:59,4
end_of_record

SF:/Users/mohamedmohamed/Desktop/hacking/smart-contracts/contests/beefyCowcentrated/code/CLM/cowcentrated-contracts/node_modules/@openzeppelin-4/contracts/proxy/beacon/BeaconProxy.sol
DA:23,98
DA:41,0
DA:48,46
DA:55,2
end_of_record

SF:/Users/mohamedmohamed/Desktop/hacking/smart-contracts/contests/beefyCowcentrated/code/CLM/cowcentrated-contracts/node_modules/@openzeppelin-4/contracts/proxy/beacon/IBeacon.sol
end_of_record

SF:/Users/mohamedmohamed/Desktop/hacking/smart-contracts/contests/beefyCowcentrated/code/CLM/cowcentrated-contracts/node_modules/@openzeppelin-4/contracts/proxy/beacon/UpgradeableBeacon.sol
DA:15,137
DA:64,0
DA:65,0
DA:67,0
DA:68,0
end_of_record

SF:/Users/mohamedmohamed/Desktop/hacking/smart-contracts/contests/beefyCowcentrated/code/CLM/cowcentrated-contracts/node_modules/@openzeppelin-4/contracts/token/ERC20/ERC20.sol
end_of_record

SF:/Users/mohamedmohamed/Desktop/hacking/smart-contracts/contests/beefyCowcentrated/code/CLM/cowcentrated-contracts/node_modules/@openzeppelin-4/contracts/token/ERC20/IERC20.sol
end_of_record

SF:/Users/mohamedmohamed/Desktop/hacking/smart-contracts/contests/beefyCowcentrated/code/CLM/cowcentrated-contracts/node_modules/@openzeppelin-4/contracts/token/ERC20/extensions/IERC20Metadata.sol
end_of_record

SF:/Users/mohamedmohamed/Desktop/hacking/smart-contracts/contests/beefyCowcentrated/code/CLM/cowcentrated-contracts/node_modules/@openzeppelin-4/contracts/token/ERC20/extensions/IERC20Permit.sol
end_of_record

SF:/Users/mohamedmohamed/Desktop/hacking/smart-contracts/contests/beefyCowcentrated/code/CLM/cowcentrated-contracts/node_modules/@openzeppelin-4/contracts/token/ERC20/utils/SafeERC20.sol
DA:19,0
DA:36,0
DA:37,0
DA:76,0
DA:77,0
DA:79,0
DA:80,0
DA:81,0
DA:91,0
DA:97,0
DA:98,0
DA:115,0
DA:116,0
end_of_record

SF:/Users/mohamedmohamed/Desktop/hacking/smart-contracts/contests/beefyCowcentrated/code/CLM/cowcentrated-contracts/node_modules/@openzeppelin-4/contracts/token/ERC721/IERC721.sol
end_of_record

SF:/Users/mohamedmohamed/Desktop/hacking/smart-contracts/contests/beefyCowcentrated/code/CLM/cowcentrated-contracts/node_modules/@openzeppelin-4/contracts/utils/Address.sol
DA:9,0
DA:71,0
DA:87,0
DA:88,0
DA:105,0
DA:106,0
DA:114,0
DA:119,0
DA:124,0
DA:125,0
DA:127,0
DA:148,0
DA:151,0
DA:156,0
end_of_record

SF:/Users/mohamedmohamed/Desktop/hacking/smart-contracts/contests/beefyCowcentrated/code/CLM/cowcentrated-contracts/node_modules/@openzeppelin-4/contracts/utils/Context.sol
DA:18,0
end_of_record

SF:/Users/mohamedmohamed/Desktop/hacking/smart-contracts/contests/beefyCowcentrated/code/CLM/cowcentrated-contracts/node_modules/@openzeppelin-4/contracts/utils/StorageSlot.sol
DA:31,0
end_of_record

SF:/Users/mohamedmohamed/Desktop/hacking/smart-contracts/contests/beefyCowcentrated/code/CLM/cowcentrated-contracts/node_modules/@openzeppelin-4/contracts/utils/introspection/IERC165.sol
end_of_record

SF:/Users/mohamedmohamed/Desktop/hacking/smart-contracts/contests/beefyCowcentrated/code/CLM/cowcentrated-contracts/node_modules/@openzeppelin-4/contracts/utils/math/SignedMath.sol
DA:9,0
DA:14,0
DA:20,0
DA:21,0
end_of_record

SF:/Users/mohamedmohamed/Desktop/hacking/smart-contracts/contests/beefyCowcentrated/code/CLM/cowcentrated-contracts/node_modules/@openzeppelin/contracts-upgradeable/access/OwnableUpgradeable.sol
DA:29,4
DA:34,4
DA:40,0
DA:49,0
DA:55,0
DA:56,0
DA:67,0
DA:75,0
DA:76,0
DA:83,2
DA:84,1
DA:86,2
end_of_record

SF:/Users/mohamedmohamed/Desktop/hacking/smart-contracts/contests/beefyCowcentrated/code/CLM/cowcentrated-contracts/node_modules/@openzeppelin/contracts-upgradeable/proxy/ClonesUpgradeable.sol
DA:19,0
DA:27,31
DA:35,2
end_of_record

SF:/Users/mohamedmohamed/Desktop/hacking/smart-contracts/contests/beefyCowcentrated/code/CLM/cowcentrated-contracts/node_modules/@openzeppelin/contracts-upgradeable/proxy/utils/Initializable.sol
DA:84,13
DA:85,1
DA:87,15
DA:90,7
DA:91,6
DA:92,2
DA:94,3
DA:95,5
DA:96,0
DA:97,3
DA:132,6
DA:133,15
DA:146,0
DA:147,0
DA:149,0
end_of_record

SF:/Users/mohamedmohamed/Desktop/hacking/smart-contracts/contests/beefyCowcentrated/code/CLM/cowcentrated-contracts/node_modules/@openzeppelin/contracts-upgradeable/security/PausableUpgradeable.sol
DA:34,4
DA:39,2
DA:70,0
DA:95,0
DA:96,0
DA:108,0
end_of_record

SF:/Users/mohamedmohamed/Desktop/hacking/smart-contracts/contests/beefyCowcentrated/code/CLM/cowcentrated-contracts/node_modules/@openzeppelin/contracts-upgradeable/security/ReentrancyGuardUpgradeable.sol
DA:35,0
DA:36,0
DA:63,0
DA:72,0
end_of_record

SF:/Users/mohamedmohamed/Desktop/hacking/smart-contracts/contests/beefyCowcentrated/code/CLM/cowcentrated-contracts/node_modules/@openzeppelin/contracts-upgradeable/token/ERC20/ERC20Upgradeable.sol
DA:39,0
DA:60,2
DA:61,2
DA:68,0
DA:76,0
DA:93,0
DA:100,0
DA:107,0
DA:120,0
DA:128,0
DA:143,0
DA:166,0
DA:184,0
DA:205,0
DA:207,0
DA:227,0
DA:228,0
DA:229,0
DA:233,0
DA:234,0
DA:242,0
DA:257,0
DA:261,0
DA:264,0
DA:266,0
DA:283,0
DA:287,0
DA:288,0
DA:292,0
DA:295,0
DA:313,0
DA:314,0
DA:315,0
DA:317,0
DA:318,0
DA:331,0
DA:332,0
DA:334,0
end_of_record

SF:/Users/mohamedmohamed/Desktop/hacking/smart-contracts/contests/beefyCowcentrated/code/CLM/cowcentrated-contracts/node_modules/@openzeppelin/contracts-upgradeable/token/ERC20/IERC20Upgradeable.sol
end_of_record

SF:/Users/mohamedmohamed/Desktop/hacking/smart-contracts/contests/beefyCowcentrated/code/CLM/cowcentrated-contracts/node_modules/@openzeppelin/contracts-upgradeable/token/ERC20/extensions/IERC20MetadataUpgradeable.sol
end_of_record

SF:/Users/mohamedmohamed/Desktop/hacking/smart-contracts/contests/beefyCowcentrated/code/CLM/cowcentrated-contracts/node_modules/@openzeppelin/contracts-upgradeable/token/ERC20/extensions/IERC20PermitUpgradeable.sol
end_of_record

SF:/Users/mohamedmohamed/Desktop/hacking/smart-contracts/contests/beefyCowcentrated/code/CLM/cowcentrated-contracts/node_modules/@openzeppelin/contracts-upgradeable/token/ERC20/utils/SafeERC20Upgradeable.sol
DA:19,0
DA:26,0
DA:27,0
DA:34,0
DA:35,0
DA:117,0
DA:123,0
end_of_record

SF:/Users/mohamedmohamed/Desktop/hacking/smart-contracts/contests/beefyCowcentrated/code/CLM/cowcentrated-contracts/node_modules/@openzeppelin/contracts-upgradeable/utils/AddressUpgradeable.sol
DA:9,0
DA:45,0
DA:135,0
DA:136,0
DA:195,0
DA:201,0
DA:202,0
DA:207,0
DA:233,0
DA:236,0
DA:241,0
end_of_record

SF:/Users/mohamedmohamed/Desktop/hacking/smart-contracts/contests/beefyCowcentrated/code/CLM/cowcentrated-contracts/node_modules/@openzeppelin/contracts-upgradeable/utils/ContextUpgradeable.sol
DA:24,1
end_of_record

SF:/Users/mohamedmohamed/Desktop/hacking/smart-contracts/contests/beefyCowcentrated/code/CLM/cowcentrated-contracts/node_modules/@openzeppelin/contracts/access/Ownable.sol
end_of_record

SF:/Users/mohamedmohamed/Desktop/hacking/smart-contracts/contests/beefyCowcentrated/code/CLM/cowcentrated-contracts/node_modules/@openzeppelin/contracts/interfaces/draft-IERC6093.sol
end_of_record

SF:/Users/mohamedmohamed/Desktop/hacking/smart-contracts/contests/beefyCowcentrated/code/CLM/cowcentrated-contracts/node_modules/@openzeppelin/contracts/token/ERC20/ERC20.sol
end_of_record

SF:/Users/mohamedmohamed/Desktop/hacking/smart-contracts/contests/beefyCowcentrated/code/CLM/cowcentrated-contracts/node_modules/@openzeppelin/contracts/token/ERC20/IERC20.sol
end_of_record

SF:/Users/mohamedmohamed/Desktop/hacking/smart-contracts/contests/beefyCowcentrated/code/CLM/cowcentrated-contracts/node_modules/@openzeppelin/contracts/token/ERC20/extensions/IERC20Metadata.sol
end_of_record

SF:/Users/mohamedmohamed/Desktop/hacking/smart-contracts/contests/beefyCowcentrated/code/CLM/cowcentrated-contracts/node_modules/@openzeppelin/contracts/utils/Context.sol
end_of_record

SF:/Users/mohamedmohamed/Desktop/hacking/smart-contracts/contests/beefyCowcentrated/code/CLM/cowcentrated-contracts/node_modules/forge-std/Script.sol
end_of_record

SF:/Users/mohamedmohamed/Desktop/hacking/smart-contracts/contests/beefyCowcentrated/code/CLM/cowcentrated-contracts/node_modules/forge-std/Test.sol
DA:365,0
DA:366,0
DA:367,0
DA:368,0
DA:369,0
DA:370,0
DA:371,0
DA:372,0
DA:373,0
DA:374,0
DA:394,0
DA:604,0
DA:606,0
DA:607,0
DA:608,0
DA:632,0
end_of_record

SF:/Users/mohamedmohamed/Desktop/hacking/smart-contracts/contests/beefyCowcentrated/code/CLM/cowcentrated-contracts/node_modules/forge-std/Vm.sol
end_of_record

SF:/Users/mohamedmohamed/Desktop/hacking/smart-contracts/contests/beefyCowcentrated/code/CLM/cowcentrated-contracts/node_modules/forge-std/console.sol
DA:4,0
DA:5,1
DA:11,4
DA:178,51
DA:205,0
DA:206,0
end_of_record

SF:/Users/mohamedmohamed/Desktop/hacking/smart-contracts/contests/beefyCowcentrated/code/CLM/cowcentrated-contracts/node_modules/forge-std/console2.sol
DA:10,0
end_of_record

SF:/Users/mohamedmohamed/Desktop/hacking/smart-contracts/contests/beefyCowcentrated/code/CLM/cowcentrated-contracts/test/crytic/CustomActor.sol
DA:3,0
DA:5,0
end_of_record

SF:/Users/mohamedmohamed/Desktop/hacking/smart-contracts/contests/beefyCowcentrated/code/CLM/cowcentrated-contracts/test/crytic/EchidnaTest2.t.sol
DA:14,593
DA:22,8
DA:25,0
DA:26,0
DA:33,0
DA:34,0
DA:35,0
DA:38,0
DA:39,0
DA:40,0
DA:41,0
DA:50,0
DA:60,8
DA:63,0
DA:64,0
DA:66,7
DA:68,0
DA:69,0
end_of_record

SF:/Users/mohamedmohamed/Desktop/hacking/smart-contracts/contests/beefyCowcentrated/code/CLM/cowcentrated-contracts/test/crytic/Hevm.sol
DA:54,0
end_of_record

SF:/Users/mohamedmohamed/Desktop/hacking/smart-contracts/contests/beefyCowcentrated/code/CLM/cowcentrated-contracts/test/crytic/Setup2.t.sol
DA:18,0
DA:30,1
DA:31,1
DA:32,1
DA:33,82
DA:35,1
DA:36,342
DA:37,219
DA:38,1
DA:39,182
DA:40,1
DA:41,1
DA:42,1
DA:43,142
DA:45,0
DA:46,0
DA:58,5
DA:62,52
DA:63,54
DA:64,40
DA:66,31
DA:67,31
DA:69,24
DA:70,27
DA:71,37
DA:73,31
DA:76,6
DA:77,6
DA:78,5
DA:81,5
DA:82,5
DA:85,5
DA:86,5
DA:89,5
DA:90,5
DA:93,5
DA:96,6
DA:98,9
DA:99,9
DA:100,3
DA:101,8
DA:104,14
DA:111,33
DA:114,11
DA:115,11
DA:116,11
DA:118,38
DA:120,18
DA:122,0
DA:124,0
DA:126,0
DA:128,0
DA:129,0
DA:131,1
DA:132,0
DA:133,0
DA:134,0
DA:137,12
DA:138,19
DA:140,19
DA:141,45
end_of_record

SF:/Users/mohamedmohamed/Desktop/hacking/smart-contracts/contests/beefyCowcentrated/code/CLM/cowcentrated-contracts/test/crytic/VeldromeLiquidityProvider.sol
DA:21,0
DA:24,0
DA:25,0
DA:35,0
DA:48,0
DA:49,0
DA:52,0
DA:53,0
DA:56,0
end_of_record

